test_color_name_to_hex (__main__.TestExercice) ... ERROR
test_compute_mse (__main__.TestExercice) ... FAIL
test_create_list (__main__.TestExercice) ... FAIL
test_list_to_dict (__main__.TestExercice) ... ok

======================================================================
ERROR: test_color_name_to_hex (__main__.TestExercice)
----------------------------------------------------------------------
Traceback (most recent call last):
  File "test_exercice.py", line 34, in test_color_name_to_hex
    output = [exercice.color_name_to_hex(v) for v in colors]
  File "test_exercice.py", line 34, in <listcomp>
    output = [exercice.color_name_to_hex(v) for v in colors]
  File "/home/runner/work/c04-ch6-exercices-2-Clarens-M/c04-ch6-exercices-2-Clarens-M/exercice.py", line 19, in color_name_to_hex
    for i in color:
NameError: name 'color' is not defined

======================================================================
FAIL: test_compute_mse (__main__.TestExercice)
----------------------------------------------------------------------
Traceback (most recent call last):
  File "test_exercice.py", line 65, in test_compute_mse
    'Erreur dans le calcul des MSE'
AssertionError: {} != {'LR': 220.6, 'DNN': 14.0, 'RF': 1681.8}
- {}
+ {'DNN': 14.0, 'LR': 220.6, 'RF': 1681.8} : Erreur dans le calcul des MSE

======================================================================
FAIL: test_create_list (__main__.TestExercice)
----------------------------------------------------------------------
Traceback (most recent call last):
  File "test_exercice.py", line 51, in test_create_list
    'Mauvaise reponse'
AssertionError: Lists differ: [0, 1[41 chars] 14, 15, 16, 17, 18, 19, 20, 21, 22, 23, 24, 2[58793 chars]9999] != [0, 1[41 chars] 14, 351, 352, 353, 354, 355, 356, 357, 358, 3[57198 chars]9999]

First differing element 15:
15
351

First list contains 336 additional elements.
First extra element 9664:
9664

Diff is 88890 characters long. Set self.maxDiff to None to see it. : Mauvaise reponse

----------------------------------------------------------------------
Ran 4 tests in 0.058s

FAILED (failures=2, errors=1)
